<?xml version='1.0' encoding='utf-8'?>
<testsuites><testsuite name="pytest" errors="0" failures="0" skipped="0" tests="6" time="4.920" timestamp="2026-09-23T05:08:07.458896+00:00" hostname="7e3d6fbca74b"><testcase classname="tests.test_bridge_sil" name="test_websocket_device_discovery" time="0.264" /><testcase classname="tests.test_bridge_sil" name="test_rest_contracts_with_injected_bluetooth_state" time="0.086" /><testcase classname="tests.test_bridge_sil" name="test_websocket_device_update_and_disconnect_cleanup" time="0.024" /><testcase classname="tests.test_bridge_sil" name="test_native_rest_requires_authentication_and_blocks_unauthorized_commands" time="0.049" /><testcase classname="tests.test_bridge_sil" name="test_native_snapshot_filters_and_normalizes_audio_sinks" time="0.019" /><testcase classname="tests.test_bridge_sil" name="test_native_websocket_authentication" time="0.031" /></testsuite><testsuite name="pytest" errors="0" failures="0" skipped="0" tests="5" time="4.140" timestamp="2026-09-23T05:08:15.493975+00:00" hostname="7e3d6fbca74b"><testcase classname="modules.integration.tests.test_ha_integration_sil" name="test_snapshot_creation_loads_authoritative_speakers" time="0.470" /><testcase classname="modules.integration.tests.test_ha_integration_sil" name="test_snapshot_eviction_removes_stale_entity_and_keeps_remaining" time="0.172" /><testcase classname="modules.integration.tests.test_ha_integration_sil" name="test_config_flow_accepts_identity_and_rejects_bad_connection" time="0.174" /><testcase classname="modules.integration.tests.test_ha_integration_sil" name="test_unload_closes_client_and_removes_entities" time="0.172" /><testcase classname="modules.integration.tests.test_ha_integration_sil" name="test_diagnostics_contains_bounded_operator_contract" time="0.163" /></testsuite></testsuites>