<?xml version="1.0" encoding="utf-8"?><testsuites><testsuite name="pytest" errors="0" failures="0" skipped="0" tests="9" time="5.700" timestamp="2026-09-23T10:41:34.246470+00:00" hostname="9fd11f568b2b"><testcase classname="tests.test_bridge_sil" name="test_websocket_device_discovery" time="0.303" /><testcase classname="tests.test_bridge_sil" name="test_rest_contracts_with_injected_bluetooth_state" time="0.092" /><testcase classname="tests.test_bridge_sil" name="test_websocket_device_update_and_disconnect_cleanup" time="0.025" /><testcase classname="tests.test_bridge_sil" name="test_native_rest_requires_authentication_and_blocks_unauthorized_commands" time="0.054" /><testcase classname="tests.test_bridge_sil" name="test_auto_reconnect_reports_bluez_failure_distinctly" time="0.020" /><testcase classname="tests.test_bridge_sil" name="test_auto_reconnect_reports_sink_still_missing_distinctly" time="0.023" /><testcase classname="tests.test_bridge_sil" name="test_auto_reconnect_succeeds_after_bluez_and_sink_recover" time="0.021" /><testcase classname="tests.test_bridge_sil" name="test_native_snapshot_filters_and_normalizes_audio_sinks" time="0.020" /><testcase classname="tests.test_bridge_sil" name="test_native_websocket_authentication" time="0.029" /></testsuite></testsuites>