<?xml version="1.0" encoding="utf-8"?><testsuites><testsuite name="pytest" errors="0" failures="0" skipped="0" tests="5" time="4.140" timestamp="2026-09-23T05:08:15.493975+00:00" hostname="7e3d6fbca74b"><testcase classname="modules.integration.tests.test_ha_integration_sil" name="test_snapshot_creation_loads_authoritative_speakers" time="0.470" /><testcase classname="modules.integration.tests.test_ha_integration_sil" name="test_snapshot_eviction_removes_stale_entity_and_keeps_remaining" time="0.172" /><testcase classname="modules.integration.tests.test_ha_integration_sil" name="test_config_flow_accepts_identity_and_rejects_bad_connection" time="0.174" /><testcase classname="modules.integration.tests.test_ha_integration_sil" name="test_unload_closes_client_and_removes_entities" time="0.172" /><testcase classname="modules.integration.tests.test_ha_integration_sil" name="test_diagnostics_contains_bounded_operator_contract" time="0.163" /></testsuite></testsuites>