<?xml version='1.0' encoding='utf-8'?>
<testsuites><testsuite name="pytest" errors="0" failures="0" skipped="0" tests="9" time="5.700" timestamp="2026-09-23T10:41:34.246470+00:00" hostname="9fd11f568b2b"><testcase classname="tests.test_bridge_sil" name="test_websocket_device_discovery" time="0.303" /><testcase classname="tests.test_bridge_sil" name="test_rest_contracts_with_injected_bluetooth_state" time="0.092" /><testcase classname="tests.test_bridge_sil" name="test_websocket_device_update_and_disconnect_cleanup" time="0.025" /><testcase classname="tests.test_bridge_sil" name="test_native_rest_requires_authentication_and_blocks_unauthorized_commands" time="0.054" /><testcase classname="tests.test_bridge_sil" name="test_auto_reconnect_reports_bluez_failure_distinctly" time="0.020" /><testcase classname="tests.test_bridge_sil" name="test_auto_reconnect_reports_sink_still_missing_distinctly" time="0.023" /><testcase classname="tests.test_bridge_sil" name="test_auto_reconnect_succeeds_after_bluez_and_sink_recover" time="0.021" /><testcase classname="tests.test_bridge_sil" name="test_native_snapshot_filters_and_normalizes_audio_sinks" time="0.020" /><testcase classname="tests.test_bridge_sil" name="test_native_websocket_authentication" time="0.029" /></testsuite><testsuite name="pytest" errors="0" failures="0" skipped="0" tests="8" time="5.332" timestamp="2026-09-23T10:41:43.267307+00:00" hostname="9fd11f568b2b"><testcase classname="modules.integration.tests.test_ha_integration_sil" name="test_snapshot_creation_loads_authoritative_speakers" time="0.619" /><testcase classname="modules.integration.tests.test_ha_integration_sil" name="test_snapshot_eviction_removes_stale_entity_and_keeps_remaining" time="0.232" /><testcase classname="modules.integration.tests.test_ha_integration_sil" name="test_config_flow_accepts_identity_and_rejects_bad_connection" time="0.204" /><testcase classname="modules.integration.tests.test_ha_integration_sil" name="test_hassio_discovery_with_token_auto_creates_entry" time="0.211" /><testcase classname="modules.integration.tests.test_ha_integration_sil" name="test_hassio_discovery_without_token_falls_back_to_manual_prompt" time="0.185" /><testcase classname="modules.integration.tests.test_ha_integration_sil" name="test_unload_closes_client_and_removes_entities" time="0.177" /><testcase classname="modules.integration.tests.test_ha_integration_sil" name="test_diagnostics_contains_bounded_operator_contract" time="0.198" /><testcase classname="modules.integration.tests.test_ha_integration_sil" name="test_media_player_supports_browsing_folders_and_media_sources" time="0.254" /></testsuite></testsuites>